# JRE version: OpenJDK Runtime Environment (8.0_242-b01) (build 1.8.0_242-release-1644-b01)
# Java VM: OpenJDK 64-Bit Server VM (25.242-b01 mixed mode windows-amd64 compressed oops)
Heap:
 PSYoungGen      total 451072K, used 273774K [0x00000000d5580000, 0x00000000f3d00000, 0x0000000100000000)
  eden space 408576K, 60% used [0x00000000d5580000,0x00000000e465a5f8,0x00000000ee480000)
  from space 42496K, 63% used [0x00000000f1080000,0x00000000f2b014f8,0x00000000f3a00000)
  to   space 45056K, 0% used [0x00000000ee480000,0x00000000ee480000,0x00000000f1080000)
 ParOldGen       total 161280K, used 73582K [0x0000000080000000, 0x0000000089d80000, 0x00000000d5580000)
  object space 161280K, 45% used [0x0000000080000000,0x00000000847dba20,0x0000000089d80000)
 Metaspace       used 89813K, capacity 93788K, committed 93976K, reserved 1130496K
  class space    used 12032K, capacity 12771K, committed 12840K, reserved 1048576K
GC Heap History (10 events):
Event: 65.796 GC heap before
{Heap before GC invocations=18 (full 4):
 PSYoungGen      total 360448K, used 331264K [0x00000000d5580000, 0x00000000f3a00000, 0x0000000100000000)
  eden space 331264K, 100% used [0x00000000d5580000,0x00000000e9900000,0x00000000e9900000)
  from space 29184K, 0% used [0x00000000e9900000,0x00000000e9900000,0x00000000eb580000)
  to   space 42496K, 0% used [0x00000000f1080000,0x00000000f1080000,0x00000000f3a00000)
 ParOldGen       total 161280K, used 73558K [0x0000000080000000, 0x0000000089d80000, 0x00000000d5580000)
  object space 161280K, 45% used [0x0000000080000000,0x00000000847d5a20,0x0000000089d80000)
 Metaspace       used 89277K, capacity 93308K, committed 93464K, reserved 1130496K
  class space    used 12009K, capacity 12761K, committed 12840K, reserved 1048576K
Event: 65.905 GC heap after
Heap after GC invocations=18 (full 4):
 PSYoungGen      total 451072K, used 30584K [0x00000000d5580000, 0x00000000f3d00000, 0x0000000100000000)
  eden space 408576K, 0% used [0x00000000d5580000,0x00000000d5580000,0x00000000ee480000)
  from space 42496K, 71% used [0x00000000f1080000,0x00000000f2e5e280,0x00000000f3a00000)
  to   space 45056K, 0% used [0x00000000ee480000,0x00000000ee480000,0x00000000f1080000)
 ParOldGen       total 161280K, used 73566K [0x0000000080000000, 0x0000000089d80000, 0x00000000d5580000)
  object space 161280K, 45% used [0x0000000080000000,0x00000000847d7a20,0x0000000089d80000)
 Metaspace       used 89277K, capacity 93308K, committed 93464K, reserved 1130496K
  class space    used 12009K, capacity 12761K, committed 12840K, reserved 1048576K
}
Event: 69.221 GC heap before
{Heap before GC invocations=19 (full 4):
 PSYoungGen      total 451072K, used 439160K [0x00000000d5580000, 0x00000000f3d00000, 0x0000000100000000)
  eden space 408576K, 100% used [0x00000000d5580000,0x00000000ee480000,0x00000000ee480000)
  from space 42496K, 71% used [0x00000000f1080000,0x00000000f2e5e280,0x00000000f3a00000)
  to   space 45056K, 0% used [0x00000000ee480000,0x00000000ee480000,0x00000000f1080000)
 ParOldGen       total 161280K, used 73566K [0x0000000080000000, 0x0000000089d80000, 0x00000000d5580000)
  object space 161280K, 45% used [0x0000000080000000,0x00000000847d7a20,0x0000000089d80000)
 Metaspace       used 89486K, capacity 93486K, committed 93720K, reserved 1130496K
  class space    used 12017K, capacity 12768K, committed 12840K, reserved 1048576K
Event: 69.298 GC heap after
Heap after GC invocations=19 (full 4):
 PSYoungGen      total 453632K, used 32086K [0x00000000d5580000, 0x00000000f3d00000, 0x0000000100000000)
  eden space 408576K, 0% used [0x00000000d5580000,0x00000000d5580000,0x00000000ee480000)
  from space 45056K, 71% used [0x00000000ee480000,0x00000000f03d59d0,0x00000000f1080000)
  to   space 42496K, 0% used [0x00000000f1080000,0x00000000f1080000,0x00000000f3a00000)
 ParOldGen       total 161280K, used 73566K [0x0000000080000000, 0x0000000089d80000, 0x00000000d5580000)
  object space 161280K, 45% used [0x0000000080000000,0x00000000847d7a20,0x0000000089d80000)
 Metaspace       used 89486K, capacity 93486K, committed 93720K, reserved 1130496K
  class space    used 12017K, capacity 12768K, committed 12840K, reserved 1048576K
}
Event: 71.799 GC heap before
{Heap before GC invocations=20 (full 4):
 PSYoungGen      total 453632K, used 440662K [0x00000000d5580000, 0x00000000f3d00000, 0x0000000100000000)
  eden space 408576K, 100% used [0x00000000d5580000,0x00000000ee480000,0x00000000ee480000)
  from space 45056K, 71% used [0x00000000ee480000,0x00000000f03d59d0,0x00000000f1080000)
  to   space 42496K, 0% used [0x00000000f1080000,0x00000000f1080000,0x00000000f3a00000)
 ParOldGen       total 161280K, used 73566K [0x0000000080000000, 0x0000000089d80000, 0x00000000d5580000)
  object space 161280K, 45% used [0x0000000080000000,0x00000000847d7a20,0x0000000089d80000)
 Metaspace       used 89571K, capacity 93562K, committed 93720K, reserved 1130496K
  class space    used 12024K, capacity 12768K, committed 12840K, reserved 1048576K
Event: 71.857 GC heap after
Heap after GC invocations=20 (full 4):
 PSYoungGen      total 451072K, used 29775K [0x00000000d5580000, 0x00000000f3d00000, 0x0000000100000000)
  eden space 408576K, 0% used [0x00000000d5580000,0x00000000d5580000,0x00000000ee480000)
  from space 42496K, 70% used [0x00000000f1080000,0x00000000f2d93ce0,0x00000000f3a00000)
  to   space 45056K, 0% used [0x00000000ee480000,0x00000000ee480000,0x00000000f1080000)
 ParOldGen       total 161280K, used 73574K [0x0000000080000000, 0x0000000089d80000, 0x00000000d5580000)
  object space 161280K, 45% used [0x0000000080000000,0x00000000847d9a20,0x0000000089d80000)
 Metaspace       used 89571K, capacity 93562K, committed 93720K, reserved 1130496K
  class space    used 12024K, capacity 12768K, committed 12840K, reserved 1048576K
}
Event: 74.341 GC heap before
{Heap before GC invocations=21 (full 4):
 PSYoungGen      total 451072K, used 438351K [0x00000000d5580000, 0x00000000f3d00000, 0x0000000100000000)
  eden space 408576K, 100% used [0x00000000d5580000,0x00000000ee480000,0x00000000ee480000)
  from space 42496K, 70% used [0x00000000f1080000,0x00000000f2d93ce0,0x00000000f3a00000)
  to   space 45056K, 0% used [0x00000000ee480000,0x00000000ee480000,0x00000000f1080000)
 ParOldGen       total 161280K, used 73574K [0x0000000080000000, 0x0000000089d80000, 0x00000000d5580000)
  object space 161280K, 45% used [0x0000000080000000,0x00000000847d9a20,0x0000000089d80000)
 Metaspace       used 89618K, capacity 93646K, committed 93720K, reserved 1130496K
  class space    used 12031K, capacity 12770K, committed 12840K, reserved 1048576K
Event: 74.460 GC heap after
Heap after GC invocations=21 (full 4):
 PSYoungGen      total 453632K, used 28346K [0x00000000d5580000, 0x00000000f3d00000, 0x0000000100000000)
  eden space 408576K, 0% used [0x00000000d5580000,0x00000000d5580000,0x00000000ee480000)
  from space 45056K, 62% used [0x00000000ee480000,0x00000000f002e9c0,0x00000000f1080000)
  to   space 42496K, 0% used [0x00000000f1080000,0x00000000f1080000,0x00000000f3a00000)
 ParOldGen       total 161280K, used 73574K [0x0000000080000000, 0x0000000089d80000, 0x00000000d5580000)
  object space 161280K, 45% used [0x0000000080000000,0x00000000847d9a20,0x0000000089d80000)
 Metaspace       used 89618K, capacity 93646K, committed 93720K, reserved 1130496K
  class space    used 12031K, capacity 12770K, committed 12840K, reserved 1048576K
}
Event: 76.930 GC heap before
{Heap before GC invocations=22 (full 4):
 PSYoungGen      total 453632K, used 436922K [0x00000000d5580000, 0x00000000f3d00000, 0x0000000100000000)
  eden space 408576K, 100% used [0x00000000d5580000,0x00000000ee480000,0x00000000ee480000)
  from space 45056K, 62% used [0x00000000ee480000,0x00000000f002e9c0,0x00000000f1080000)
  to   space 42496K, 0% used [0x00000000f1080000,0x00000000f1080000,0x00000000f3a00000)
 ParOldGen       total 161280K, used 73574K [0x0000000080000000, 0x0000000089d80000, 0x00000000d5580000)
  object space 161280K, 45% used [0x0000000080000000,0x00000000847d9a20,0x0000000089d80000)
 Metaspace       used 89710K, capacity 93718K, committed 93976K, reserved 1130496K
  class space    used 12031K, capacity 12770K, committed 12840K, reserved 1048576K
Event: 76.997 GC heap after
Heap after GC invocations=22 (full 4):
 PSYoungGen      total 451072K, used 27141K [0x00000000d5580000, 0x00000000f3d00000, 0x0000000100000000)
  eden space 408576K, 0% used [0x00000000d5580000,0x00000000d5580000,0x00000000ee480000)
  from space 42496K, 63% used [0x00000000f1080000,0x00000000f2b014f8,0x00000000f3a00000)
  to   space 45056K, 0% used [0x00000000ee480000,0x00000000ee480000,0x00000000f1080000)
 ParOldGen       total 161280K, used 73582K [0x0000000080000000, 0x0000000089d80000, 0x00000000d5580000)
  object space 161280K, 45% used [0x0000000080000000,0x00000000847dba20,0x0000000089d80000)
 Metaspace       used 89710K, capacity 93718K, committed 93976K, reserved 1130496K
  class space    used 12031K, capacity 12770K, committed 12840K, reserved 1048576K
}

